0 info it worked if it ends with ok
1 verbose cli [ '/home/adminuser/.nvm/versions/node/v4.0.0/bin/node',
1 verbose cli   '/home/adminuser/.nvm/versions/node/v4.0.0/bin/npm',
1 verbose cli   'start' ]
2 info using npm@2.14.2
3 info using node@v4.0.0
4 verbose run-script [ 'prestart', 'start', 'poststart' ]
5 info prestart websocket-oplog@1.0.0
6 info start websocket-oplog@1.0.0
7 verbose unsafe-perm in lifecycle true
8 info websocket-oplog@1.0.0 Failed to exec start script
9 verbose stack Error: websocket-oplog@1.0.0 start: `node --harmony oplog`
9 verbose stack Exit status 139
9 verbose stack     at EventEmitter.<anonymous> (/home/adminuser/.nvm/versions/node/v4.0.0/lib/node_modules/npm/lib/utils/lifecycle.js:214:16)
9 verbose stack     at emitTwo (events.js:87:13)
9 verbose stack     at EventEmitter.emit (events.js:172:7)
9 verbose stack     at ChildProcess.<anonymous> (/home/adminuser/.nvm/versions/node/v4.0.0/lib/node_modules/npm/lib/utils/spawn.js:24:14)
9 verbose stack     at emitTwo (events.js:87:13)
9 verbose stack     at ChildProcess.emit (events.js:172:7)
9 verbose stack     at maybeClose (internal/child_process.js:817:16)
9 verbose stack     at Process.ChildProcess._handle.onexit (internal/child_process.js:211:5)
10 verbose pkgid websocket-oplog@1.0.0
11 verbose cwd /home/adminuser/workspace/websocket-oplog
12 error Linux 3.13.0-32-generic
13 error argv "/home/adminuser/.nvm/versions/node/v4.0.0/bin/node" "/home/adminuser/.nvm/versions/node/v4.0.0/bin/npm" "start"
14 error node v4.0.0
15 error npm  v2.14.2
16 error code ELIFECYCLE
17 error websocket-oplog@1.0.0 start: `node --harmony oplog`
17 error Exit status 139
18 error Failed at the websocket-oplog@1.0.0 start script 'node --harmony oplog'.
18 error This is most likely a problem with the websocket-oplog package,
18 error not with npm itself.
18 error Tell the author that this fails on your system:
18 error     node --harmony oplog
18 error You can get their info via:
18 error     npm owner ls websocket-oplog
18 error There is likely additional logging output above.
19 verbose exit [ 1, true ]
